<?xml version="1.0" encoding="UTF-8"?>
<testng-results ignored="0" total="0" passed="0" failed="0" skipped="0">
  <reporter-output>
  </reporter-output>
  <suite started-at="2019-06-15T15:03:33Z" name="Selenium.com.SeleniumDemo.AppTest" finished-at="2019-06-15T15:03:33Z" duration-ms="5">
    <groups>
    </groups>
    <test started-at="2019-06-15T15:03:33Z" name="Command line test" finished-at="2019-06-15T15:03:33Z" duration-ms="5">
    </test> <!-- Command line test -->
  </suite> <!-- Selenium.com.SeleniumDemo.AppTest -->
</testng-results>
